The system is: Darwin - 16.7.0 - x86_64
Compiling the C compiler identification source file "CMakeCCompilerId.c" succeeded.
Compiler: /Applications/Xcode.app/Contents/Developer/usr/bin/gcc 
Build flags: 
Id flags:  

The output was:
0


Compilation of the C compiler identification source "CMakeCCompilerId.c" produced "a.out"

The C compiler identification is AppleClang, found in "/Users/travis/build/yanntm/cpp-sc2/build/CMakeFiles/3.9.5/CompilerIdC/a.out"

Compiling the CXX compiler identification source file "CMakeCXXCompilerId.cpp" succeeded.
Compiler: /Applications/Xcode.app/Contents/Developer/usr/bin/g++ 
Build flags: 
Id flags:  

The output was:
0


Compilation of the CXX compiler identification source "CMakeCXXCompilerId.cpp" produced "a.out"

The CXX compiler identification is AppleClang, found in "/Users/travis/build/yanntm/cpp-sc2/build/CMakeFiles/3.9.5/CompilerIdCXX/a.out"

Determining if the C compiler works passed with the following output:
Change Dir: /Users/travis/build/yanntm/cpp-sc2/build/CMakeFiles/CMakeTmp

Run Build Command:"/usr/bin/make" "cmTC_936df/fast"
/Applications/Xcode.app/Contents/Developer/usr/bin/make -f CMakeFiles/cmTC_936df.dir/build.make CMakeFiles/cmTC_936df.dir/build
Building C object CMakeFiles/cmTC_936df.dir/testCCompiler.c.o
/Applications/Xcode.app/Contents/Developer/usr/bin/gcc    -o CMakeFiles/cmTC_936df.dir/testCCompiler.c.o   -c /Users/travis/build/yanntm/cpp-sc2/build/CMakeFiles/CMakeTmp/testCCompiler.c
Linking C executable cmTC_936df
/usr/local/Cellar/cmake/3.9.5/bin/cmake -E cmake_link_script CMakeFiles/cmTC_936df.dir/link.txt --verbose=1
/Applications/Xcode.app/Contents/Developer/usr/bin/gcc   -Wl,-search_paths_first -Wl,-headerpad_max_install_names   CMakeFiles/cmTC_936df.dir/testCCompiler.c.o  -o cmTC_936df 


Detecting C compiler ABI info compiled with the following output:
Change Dir: /Users/travis/build/yanntm/cpp-sc2/build/CMakeFiles/CMakeTmp

Run Build Command:"/usr/bin/make" "cmTC_a38ca/fast"
/Applications/Xcode.app/Contents/Developer/usr/bin/make -f CMakeFiles/cmTC_a38ca.dir/build.make CMakeFiles/cmTC_a38ca.dir/build
Building C object CMakeFiles/cmTC_a38ca.dir/CMakeCCompilerABI.c.o
/Applications/Xcode.app/Contents/Developer/usr/bin/gcc    -o CMakeFiles/cmTC_a38ca.dir/CMakeCCompilerABI.c.o   -c /usr/local/Cellar/cmake/3.9.5/share/cmake/Modules/CMakeCCompilerABI.c
Linking C executable cmTC_a38ca
/usr/local/Cellar/cmake/3.9.5/bin/cmake -E cmake_link_script CMakeFiles/cmTC_a38ca.dir/link.txt --verbose=1
/Applications/Xcode.app/Contents/Developer/usr/bin/gcc   -Wl,-search_paths_first -Wl,-headerpad_max_install_names  -v -Wl,-v CMakeFiles/cmTC_a38ca.dir/CMakeCCompilerABI.c.o  -o cmTC_a38ca 
Apple LLVM version 9.0.0 (clang-900.0.38)
Target: x86_64-apple-darwin16.7.0
Thread model: posix
InstalledDir: /Applications/Xcode.app/Contents/Developer/Toolchains/XcodeDefault.xctoolchain/usr/bin
 "/Applications/Xcode.app/Contents/Developer/Toolchains/XcodeDefault.xctoolchain/usr/bin/ld" -demangle -lto_library /Applications/Xcode.app/Contents/Developer/Toolchains/XcodeDefault.xctoolchain/usr/lib/libLTO.dylib -dynamic -arch x86_64 -macosx_version_min 10.12.0 -o cmTC_a38ca -search_paths_first -headerpad_max_install_names -v CMakeFiles/cmTC_a38ca.dir/CMakeCCompilerABI.c.o -lSystem /Applications/Xcode.app/Contents/Developer/Toolchains/XcodeDefault.xctoolchain/usr/lib/clang/9.0.0/lib/darwin/libclang_rt.osx.a
@(#)PROGRAM:ld  PROJECT:ld64-302.3.1
configured to support archs: armv6 armv7 armv7s arm64 i386 x86_64 x86_64h armv6m armv7k armv7m armv7em (tvOS)
Library search paths:
	/usr/lib
	/usr/local/lib
Framework search paths:
	/Library/Frameworks/
	/System/Library/Frameworks/


Parsed C implicit link information from above output:
  link line regex: [^( *|.*[/\])(ld|CMAKE_LINK_STARTFILE-NOTFOUND|([^/\]+-)?ld|collect2)[^/\]*( |$)]
  ignore line: [Change Dir: /Users/travis/build/yanntm/cpp-sc2/build/CMakeFiles/CMakeTmp]
  ignore line: []
  ignore line: [Run Build Command:"/usr/bin/make" "cmTC_a38ca/fast"]
  ignore line: [/Applications/Xcode.app/Contents/Developer/usr/bin/make -f CMakeFiles/cmTC_a38ca.dir/build.make CMakeFiles/cmTC_a38ca.dir/build]
  ignore line: [Building C object CMakeFiles/cmTC_a38ca.dir/CMakeCCompilerABI.c.o]
  ignore line: [/Applications/Xcode.app/Contents/Developer/usr/bin/gcc    -o CMakeFiles/cmTC_a38ca.dir/CMakeCCompilerABI.c.o   -c /usr/local/Cellar/cmake/3.9.5/share/cmake/Modules/CMakeCCompilerABI.c]
  ignore line: [Linking C executable cmTC_a38ca]
  ignore line: [/usr/local/Cellar/cmake/3.9.5/bin/cmake -E cmake_link_script CMakeFiles/cmTC_a38ca.dir/link.txt --verbose=1]
  ignore line: [/Applications/Xcode.app/Contents/Developer/usr/bin/gcc   -Wl,-search_paths_first -Wl,-headerpad_max_install_names  -v -Wl,-v CMakeFiles/cmTC_a38ca.dir/CMakeCCompilerABI.c.o  -o cmTC_a38ca ]
  ignore line: [Apple LLVM version 9.0.0 (clang-900.0.38)]
  ignore line: [Target: x86_64-apple-darwin16.7.0]
  ignore line: [Thread model: posix]
  ignore line: [InstalledDir: /Applications/Xcode.app/Contents/Developer/Toolchains/XcodeDefault.xctoolchain/usr/bin]
  link line: [ "/Applications/Xcode.app/Contents/Developer/Toolchains/XcodeDefault.xctoolchain/usr/bin/ld" -demangle -lto_library /Applications/Xcode.app/Contents/Developer/Toolchains/XcodeDefault.xctoolchain/usr/lib/libLTO.dylib -dynamic -arch x86_64 -macosx_version_min 10.12.0 -o cmTC_a38ca -search_paths_first -headerpad_max_install_names -v CMakeFiles/cmTC_a38ca.dir/CMakeCCompilerABI.c.o -lSystem /Applications/Xcode.app/Contents/Developer/Toolchains/XcodeDefault.xctoolchain/usr/lib/clang/9.0.0/lib/darwin/libclang_rt.osx.a]
    arg [/Applications/Xcode.app/Contents/Developer/Toolchains/XcodeDefault.xctoolchain/usr/bin/ld] ==> ignore
    arg [-demangle] ==> ignore
    arg [-lto_library] ==> ignore, skip following value
    arg [/Applications/Xcode.app/Contents/Developer/Toolchains/XcodeDefault.xctoolchain/usr/lib/libLTO.dylib] ==> skip value of -lto_library
    arg [-dynamic] ==> ignore
    arg [-arch] ==> ignore
    arg [x86_64] ==> ignore
    arg [-macosx_version_min] ==> ignore
    arg [10.12.0] ==> ignore
    arg [-o] ==> ignore
    arg [cmTC_a38ca] ==> ignore
    arg [-search_paths_first] ==> ignore
    arg [-headerpad_max_install_names] ==> ignore
    arg [-v] ==> ignore
    arg [CMakeFiles/cmTC_a38ca.dir/CMakeCCompilerABI.c.o] ==> ignore
    arg [-lSystem] ==> lib [System]
    arg [/Applications/Xcode.app/Contents/Developer/Toolchains/XcodeDefault.xctoolchain/usr/lib/clang/9.0.0/lib/darwin/libclang_rt.osx.a] ==> lib [/Applications/Xcode.app/Contents/Developer/Toolchains/XcodeDefault.xctoolchain/usr/lib/clang/9.0.0/lib/darwin/libclang_rt.osx.a]
  Library search paths: [;/usr/lib;/usr/local/lib]
  Framework search paths: [;/Library/Frameworks/;/System/Library/Frameworks/]
  remove lib [System]
  remove lib [/Applications/Xcode.app/Contents/Developer/Toolchains/XcodeDefault.xctoolchain/usr/lib/clang/9.0.0/lib/darwin/libclang_rt.osx.a]
  collapse library dir [/usr/lib] ==> [/usr/lib]
  collapse library dir [/usr/local/lib] ==> [/usr/local/lib]
  collapse framework dir [/Library/Frameworks/] ==> [/Library/Frameworks]
  collapse framework dir [/System/Library/Frameworks/] ==> [/System/Library/Frameworks]
  implicit libs: []
  implicit dirs: [/usr/lib;/usr/local/lib]
  implicit fwks: [/Library/Frameworks;/System/Library/Frameworks]




Detecting C [-std=c11] compiler features compiled with the following output:
Change Dir: /Users/travis/build/yanntm/cpp-sc2/build/CMakeFiles/CMakeTmp

Run Build Command:"/usr/bin/make" "cmTC_67f44/fast"
/Applications/Xcode.app/Contents/Developer/usr/bin/make -f CMakeFiles/cmTC_67f44.dir/build.make CMakeFiles/cmTC_67f44.dir/build
Building C object CMakeFiles/cmTC_67f44.dir/feature_tests.c.o
/Applications/Xcode.app/Contents/Developer/usr/bin/gcc   -std=c11 -o CMakeFiles/cmTC_67f44.dir/feature_tests.c.o   -c /Users/travis/build/yanntm/cpp-sc2/build/CMakeFiles/feature_tests.c
Linking C executable cmTC_67f44
/usr/local/Cellar/cmake/3.9.5/bin/cmake -E cmake_link_script CMakeFiles/cmTC_67f44.dir/link.txt --verbose=1
/Applications/Xcode.app/Contents/Developer/usr/bin/gcc   -Wl,-search_paths_first -Wl,-headerpad_max_install_names   CMakeFiles/cmTC_67f44.dir/feature_tests.c.o  -o cmTC_67f44 


    Feature record: C_FEATURE:1c_function_prototypes
    Feature record: C_FEATURE:1c_restrict
    Feature record: C_FEATURE:1c_static_assert
    Feature record: C_FEATURE:1c_variadic_macros


Detecting C [-std=c99] compiler features compiled with the following output:
Change Dir: /Users/travis/build/yanntm/cpp-sc2/build/CMakeFiles/CMakeTmp

Run Build Command:"/usr/bin/make" "cmTC_04b72/fast"
/Applications/Xcode.app/Contents/Developer/usr/bin/make -f CMakeFiles/cmTC_04b72.dir/build.make CMakeFiles/cmTC_04b72.dir/build
Building C object CMakeFiles/cmTC_04b72.dir/feature_tests.c.o
/Applications/Xcode.app/Contents/Developer/usr/bin/gcc   -std=c99 -o CMakeFiles/cmTC_04b72.dir/feature_tests.c.o   -c /Users/travis/build/yanntm/cpp-sc2/build/CMakeFiles/feature_tests.c
Linking C executable cmTC_04b72
/usr/local/Cellar/cmake/3.9.5/bin/cmake -E cmake_link_script CMakeFiles/cmTC_04b72.dir/link.txt --verbose=1
/Applications/Xcode.app/Contents/Developer/usr/bin/gcc   -Wl,-search_paths_first -Wl,-headerpad_max_install_names   CMakeFiles/cmTC_04b72.dir/feature_tests.c.o  -o cmTC_04b72 


    Feature record: C_FEATURE:1c_function_prototypes
    Feature record: C_FEATURE:1c_restrict
    Feature record: C_FEATURE:0c_static_assert
    Feature record: C_FEATURE:1c_variadic_macros


Detecting C [-std=c90] compiler features compiled with the following output:
Change Dir: /Users/travis/build/yanntm/cpp-sc2/build/CMakeFiles/CMakeTmp

Run Build Command:"/usr/bin/make" "cmTC_d4df8/fast"
/Applications/Xcode.app/Contents/Developer/usr/bin/make -f CMakeFiles/cmTC_d4df8.dir/build.make CMakeFiles/cmTC_d4df8.dir/build
Building C object CMakeFiles/cmTC_d4df8.dir/feature_tests.c.o
/Applications/Xcode.app/Contents/Developer/usr/bin/gcc   -std=c90 -o CMakeFiles/cmTC_d4df8.dir/feature_tests.c.o   -c /Users/travis/build/yanntm/cpp-sc2/build/CMakeFiles/feature_tests.c
Linking C executable cmTC_d4df8
/usr/local/Cellar/cmake/3.9.5/bin/cmake -E cmake_link_script CMakeFiles/cmTC_d4df8.dir/link.txt --verbose=1
/Applications/Xcode.app/Contents/Developer/usr/bin/gcc   -Wl,-search_paths_first -Wl,-headerpad_max_install_names   CMakeFiles/cmTC_d4df8.dir/feature_tests.c.o  -o cmTC_d4df8 


    Feature record: C_FEATURE:1c_function_prototypes
    Feature record: C_FEATURE:0c_restrict
    Feature record: C_FEATURE:0c_static_assert
    Feature record: C_FEATURE:0c_variadic_macros
Determining if the CXX compiler works passed with the following output:
Change Dir: /Users/travis/build/yanntm/cpp-sc2/build/CMakeFiles/CMakeTmp

Run Build Command:"/usr/bin/make" "cmTC_f4b53/fast"
/Applications/Xcode.app/Contents/Developer/usr/bin/make -f CMakeFiles/cmTC_f4b53.dir/build.make CMakeFiles/cmTC_f4b53.dir/build
Building CXX object CMakeFiles/cmTC_f4b53.dir/testCXXCompiler.cxx.o
/Applications/Xcode.app/Contents/Developer/usr/bin/g++     -o CMakeFiles/cmTC_f4b53.dir/testCXXCompiler.cxx.o -c /Users/travis/build/yanntm/cpp-sc2/build/CMakeFiles/CMakeTmp/testCXXCompiler.cxx
Linking CXX executable cmTC_f4b53
/usr/local/Cellar/cmake/3.9.5/bin/cmake -E cmake_link_script CMakeFiles/cmTC_f4b53.dir/link.txt --verbose=1
/Applications/Xcode.app/Contents/Developer/usr/bin/g++    -Wl,-search_paths_first -Wl,-headerpad_max_install_names   CMakeFiles/cmTC_f4b53.dir/testCXXCompiler.cxx.o  -o cmTC_f4b53 


Detecting CXX compiler ABI info compiled with the following output:
Change Dir: /Users/travis/build/yanntm/cpp-sc2/build/CMakeFiles/CMakeTmp

Run Build Command:"/usr/bin/make" "cmTC_52726/fast"
/Applications/Xcode.app/Contents/Developer/usr/bin/make -f CMakeFiles/cmTC_52726.dir/build.make CMakeFiles/cmTC_52726.dir/build
Building CXX object CMakeFiles/cmTC_52726.dir/CMakeCXXCompilerABI.cpp.o
/Applications/Xcode.app/Contents/Developer/usr/bin/g++     -o CMakeFiles/cmTC_52726.dir/CMakeCXXCompilerABI.cpp.o -c /usr/local/Cellar/cmake/3.9.5/share/cmake/Modules/CMakeCXXCompilerABI.cpp
Linking CXX executable cmTC_52726
/usr/local/Cellar/cmake/3.9.5/bin/cmake -E cmake_link_script CMakeFiles/cmTC_52726.dir/link.txt --verbose=1
/Applications/Xcode.app/Contents/Developer/usr/bin/g++    -Wl,-search_paths_first -Wl,-headerpad_max_install_names  -v -Wl,-v CMakeFiles/cmTC_52726.dir/CMakeCXXCompilerABI.cpp.o  -o cmTC_52726 
Apple LLVM version 9.0.0 (clang-900.0.38)
Target: x86_64-apple-darwin16.7.0
Thread model: posix
InstalledDir: /Applications/Xcode.app/Contents/Developer/Toolchains/XcodeDefault.xctoolchain/usr/bin
 "/Applications/Xcode.app/Contents/Developer/Toolchains/XcodeDefault.xctoolchain/usr/bin/ld" -demangle -lto_library /Applications/Xcode.app/Contents/Developer/Toolchains/XcodeDefault.xctoolchain/usr/lib/libLTO.dylib -dynamic -arch x86_64 -macosx_version_min 10.12.0 -o cmTC_52726 -search_paths_first -headerpad_max_install_names -v CMakeFiles/cmTC_52726.dir/CMakeCXXCompilerABI.cpp.o -lc++ -lSystem /Applications/Xcode.app/Contents/Developer/Toolchains/XcodeDefault.xctoolchain/usr/lib/clang/9.0.0/lib/darwin/libclang_rt.osx.a
@(#)PROGRAM:ld  PROJECT:ld64-302.3.1
configured to support archs: armv6 armv7 armv7s arm64 i386 x86_64 x86_64h armv6m armv7k armv7m armv7em (tvOS)
Library search paths:
	/usr/lib
	/usr/local/lib
Framework search paths:
	/Library/Frameworks/
	/System/Library/Frameworks/


Parsed CXX implicit link information from above output:
  link line regex: [^( *|.*[/\])(ld|CMAKE_LINK_STARTFILE-NOTFOUND|([^/\]+-)?ld|collect2)[^/\]*( |$)]
  ignore line: [Change Dir: /Users/travis/build/yanntm/cpp-sc2/build/CMakeFiles/CMakeTmp]
  ignore line: []
  ignore line: [Run Build Command:"/usr/bin/make" "cmTC_52726/fast"]
  ignore line: [/Applications/Xcode.app/Contents/Developer/usr/bin/make -f CMakeFiles/cmTC_52726.dir/build.make CMakeFiles/cmTC_52726.dir/build]
  ignore line: [Building CXX object CMakeFiles/cmTC_52726.dir/CMakeCXXCompilerABI.cpp.o]
  ignore line: [/Applications/Xcode.app/Contents/Developer/usr/bin/g++     -o CMakeFiles/cmTC_52726.dir/CMakeCXXCompilerABI.cpp.o -c /usr/local/Cellar/cmake/3.9.5/share/cmake/Modules/CMakeCXXCompilerABI.cpp]
  ignore line: [Linking CXX executable cmTC_52726]
  ignore line: [/usr/local/Cellar/cmake/3.9.5/bin/cmake -E cmake_link_script CMakeFiles/cmTC_52726.dir/link.txt --verbose=1]
  ignore line: [/Applications/Xcode.app/Contents/Developer/usr/bin/g++    -Wl,-search_paths_first -Wl,-headerpad_max_install_names  -v -Wl,-v CMakeFiles/cmTC_52726.dir/CMakeCXXCompilerABI.cpp.o  -o cmTC_52726 ]
  ignore line: [Apple LLVM version 9.0.0 (clang-900.0.38)]
  ignore line: [Target: x86_64-apple-darwin16.7.0]
  ignore line: [Thread model: posix]
  ignore line: [InstalledDir: /Applications/Xcode.app/Contents/Developer/Toolchains/XcodeDefault.xctoolchain/usr/bin]
  link line: [ "/Applications/Xcode.app/Contents/Developer/Toolchains/XcodeDefault.xctoolchain/usr/bin/ld" -demangle -lto_library /Applications/Xcode.app/Contents/Developer/Toolchains/XcodeDefault.xctoolchain/usr/lib/libLTO.dylib -dynamic -arch x86_64 -macosx_version_min 10.12.0 -o cmTC_52726 -search_paths_first -headerpad_max_install_names -v CMakeFiles/cmTC_52726.dir/CMakeCXXCompilerABI.cpp.o -lc++ -lSystem /Applications/Xcode.app/Contents/Developer/Toolchains/XcodeDefault.xctoolchain/usr/lib/clang/9.0.0/lib/darwin/libclang_rt.osx.a]
    arg [/Applications/Xcode.app/Contents/Developer/Toolchains/XcodeDefault.xctoolchain/usr/bin/ld] ==> ignore
    arg [-demangle] ==> ignore
    arg [-lto_library] ==> ignore, skip following value
    arg [/Applications/Xcode.app/Contents/Developer/Toolchains/XcodeDefault.xctoolchain/usr/lib/libLTO.dylib] ==> skip value of -lto_library
    arg [-dynamic] ==> ignore
    arg [-arch] ==> ignore
    arg [x86_64] ==> ignore
    arg [-macosx_version_min] ==> ignore
    arg [10.12.0] ==> ignore
    arg [-o] ==> ignore
    arg [cmTC_52726] ==> ignore
    arg [-search_paths_first] ==> ignore
    arg [-headerpad_max_install_names] ==> ignore
    arg [-v] ==> ignore
    arg [CMakeFiles/cmTC_52726.dir/CMakeCXXCompilerABI.cpp.o] ==> ignore
    arg [-lc++] ==> lib [c++]
    arg [-lSystem] ==> lib [System]
    arg [/Applications/Xcode.app/Contents/Developer/Toolchains/XcodeDefault.xctoolchain/usr/lib/clang/9.0.0/lib/darwin/libclang_rt.osx.a] ==> lib [/Applications/Xcode.app/Contents/Developer/Toolchains/XcodeDefault.xctoolchain/usr/lib/clang/9.0.0/lib/darwin/libclang_rt.osx.a]
  Library search paths: [;/usr/lib;/usr/local/lib]
  Framework search paths: [;/Library/Frameworks/;/System/Library/Frameworks/]
  remove lib [System]
  remove lib [/Applications/Xcode.app/Contents/Developer/Toolchains/XcodeDefault.xctoolchain/usr/lib/clang/9.0.0/lib/darwin/libclang_rt.osx.a]
  collapse library dir [/usr/lib] ==> [/usr/lib]
  collapse library dir [/usr/local/lib] ==> [/usr/local/lib]
  collapse framework dir [/Library/Frameworks/] ==> [/Library/Frameworks]
  collapse framework dir [/System/Library/Frameworks/] ==> [/System/Library/Frameworks]
  implicit libs: [c++]
  implicit dirs: [/usr/lib;/usr/local/lib]
  implicit fwks: [/Library/Frameworks;/System/Library/Frameworks]




Detecting CXX [-std=c++1z] compiler features compiled with the following output:
Change Dir: /Users/travis/build/yanntm/cpp-sc2/build/CMakeFiles/CMakeTmp

Run Build Command:"/usr/bin/make" "cmTC_66a2d/fast"
/Applications/Xcode.app/Contents/Developer/usr/bin/make -f CMakeFiles/cmTC_66a2d.dir/build.make CMakeFiles/cmTC_66a2d.dir/build
Building CXX object CMakeFiles/cmTC_66a2d.dir/feature_tests.cxx.o
/Applications/Xcode.app/Contents/Developer/usr/bin/g++    -std=c++1z -o CMakeFiles/cmTC_66a2d.dir/feature_tests.cxx.o -c /Users/travis/build/yanntm/cpp-sc2/build/CMakeFiles/feature_tests.cxx
Linking CXX executable cmTC_66a2d
/usr/local/Cellar/cmake/3.9.5/bin/cmake -E cmake_link_script CMakeFiles/cmTC_66a2d.dir/link.txt --verbose=1
/Applications/Xcode.app/Contents/Developer/usr/bin/g++    -Wl,-search_paths_first -Wl,-headerpad_max_install_names   CMakeFiles/cmTC_66a2d.dir/feature_tests.cxx.o  -o cmTC_66a2d 


    Feature record: CXX_FEATURE:1cxx_aggregate_default_initializers
    Feature record: CXX_FEATURE:1cxx_alias_templates
    Feature record: CXX_FEATURE:1cxx_alignas
    Feature record: CXX_FEATURE:1cxx_alignof
    Feature record: CXX_FEATURE:1cxx_attributes
    Feature record: CXX_FEATURE:1cxx_attribute_deprecated
    Feature record: CXX_FEATURE:1cxx_auto_type
    Feature record: CXX_FEATURE:1cxx_binary_literals
    Feature record: CXX_FEATURE:1cxx_constexpr
    Feature record: CXX_FEATURE:1cxx_contextual_conversions
    Feature record: CXX_FEATURE:1cxx_decltype
    Feature record: CXX_FEATURE:1cxx_decltype_auto
    Feature record: CXX_FEATURE:1cxx_decltype_incomplete_return_types
    Feature record: CXX_FEATURE:1cxx_default_function_template_args
    Feature record: CXX_FEATURE:1cxx_defaulted_functions
    Feature record: CXX_FEATURE:1cxx_defaulted_move_initializers
    Feature record: CXX_FEATURE:1cxx_delegating_constructors
    Feature record: CXX_FEATURE:1cxx_deleted_functions
    Feature record: CXX_FEATURE:1cxx_digit_separators
    Feature record: CXX_FEATURE:1cxx_enum_forward_declarations
    Feature record: CXX_FEATURE:1cxx_explicit_conversions
    Feature record: CXX_FEATURE:1cxx_extended_friend_declarations
    Feature record: CXX_FEATURE:1cxx_extern_templates
    Feature record: CXX_FEATURE:1cxx_final
    Feature record: CXX_FEATURE:1cxx_func_identifier
    Feature record: CXX_FEATURE:1cxx_generalized_initializers
    Feature record: CXX_FEATURE:1cxx_generic_lambdas
    Feature record: CXX_FEATURE:1cxx_inheriting_constructors
    Feature record: CXX_FEATURE:1cxx_inline_namespaces
    Feature record: CXX_FEATURE:1cxx_lambdas
    Feature record: CXX_FEATURE:1cxx_lambda_init_captures
    Feature record: CXX_FEATURE:1cxx_local_type_template_args
    Feature record: CXX_FEATURE:1cxx_long_long_type
    Feature record: CXX_FEATURE:1cxx_noexcept
    Feature record: CXX_FEATURE:1cxx_nonstatic_member_init
    Feature record: CXX_FEATURE:1cxx_nullptr
    Feature record: CXX_FEATURE:1cxx_override
    Feature record: CXX_FEATURE:1cxx_range_for
    Feature record: CXX_FEATURE:1cxx_raw_string_literals
    Feature record: CXX_FEATURE:1cxx_reference_qualified_functions
    Feature record: CXX_FEATURE:1cxx_relaxed_constexpr
    Feature record: CXX_FEATURE:1cxx_return_type_deduction
    Feature record: CXX_FEATURE:1cxx_right_angle_brackets
    Feature record: CXX_FEATURE:1cxx_rvalue_references
    Feature record: CXX_FEATURE:1cxx_sizeof_member
    Feature record: CXX_FEATURE:1cxx_static_assert
    Feature record: CXX_FEATURE:1cxx_strong_enums
    Feature record: CXX_FEATURE:1cxx_template_template_parameters
    Feature record: CXX_FEATURE:1cxx_thread_local
    Feature record: CXX_FEATURE:1cxx_trailing_return_types
    Feature record: CXX_FEATURE:1cxx_unicode_literals
    Feature record: CXX_FEATURE:1cxx_uniform_initialization
    Feature record: CXX_FEATURE:1cxx_unrestricted_unions
    Feature record: CXX_FEATURE:1cxx_user_literals
    Feature record: CXX_FEATURE:1cxx_variable_templates
    Feature record: CXX_FEATURE:1cxx_variadic_macros
    Feature record: CXX_FEATURE:1cxx_variadic_templates


Detecting CXX [-std=c++14] compiler features compiled with the following output:
Change Dir: /Users/travis/build/yanntm/cpp-sc2/build/CMakeFiles/CMakeTmp

Run Build Command:"/usr/bin/make" "cmTC_4d2d9/fast"
/Applications/Xcode.app/Contents/Developer/usr/bin/make -f CMakeFiles/cmTC_4d2d9.dir/build.make CMakeFiles/cmTC_4d2d9.dir/build
Building CXX object CMakeFiles/cmTC_4d2d9.dir/feature_tests.cxx.o
/Applications/Xcode.app/Contents/Developer/usr/bin/g++    -std=c++14 -o CMakeFiles/cmTC_4d2d9.dir/feature_tests.cxx.o -c /Users/travis/build/yanntm/cpp-sc2/build/CMakeFiles/feature_tests.cxx
Linking CXX executable cmTC_4d2d9
/usr/local/Cellar/cmake/3.9.5/bin/cmake -E cmake_link_script CMakeFiles/cmTC_4d2d9.dir/link.txt --verbose=1
/Applications/Xcode.app/Contents/Developer/usr/bin/g++    -Wl,-search_paths_first -Wl,-headerpad_max_install_names   CMakeFiles/cmTC_4d2d9.dir/feature_tests.cxx.o  -o cmTC_4d2d9 


    Feature record: CXX_FEATURE:1cxx_aggregate_default_initializers
    Feature record: CXX_FEATURE:1cxx_alias_templates
    Feature record: CXX_FEATURE:1cxx_alignas
    Feature record: CXX_FEATURE:1cxx_alignof
    Feature record: CXX_FEATURE:1cxx_attributes
    Feature record: CXX_FEATURE:1cxx_attribute_deprecated
    Feature record: CXX_FEATURE:1cxx_auto_type
    Feature record: CXX_FEATURE:1cxx_binary_literals
    Feature record: CXX_FEATURE:1cxx_constexpr
    Feature record: CXX_FEATURE:1cxx_contextual_conversions
    Feature record: CXX_FEATURE:1cxx_decltype
    Feature record: CXX_FEATURE:1cxx_decltype_auto
    Feature record: CXX_FEATURE:1cxx_decltype_incomplete_return_types
    Feature record: CXX_FEATURE:1cxx_default_function_template_args
    Feature record: CXX_FEATURE:1cxx_defaulted_functions
    Feature record: CXX_FEATURE:1cxx_defaulted_move_initializers
    Feature record: CXX_FEATURE:1cxx_delegating_constructors
    Feature record: CXX_FEATURE:1cxx_deleted_functions
    Feature record: CXX_FEATURE:1cxx_digit_separators
    Feature record: CXX_FEATURE:1cxx_enum_forward_declarations
    Feature record: CXX_FEATURE:1cxx_explicit_conversions
    Feature record: CXX_FEATURE:1cxx_extended_friend_declarations
    Feature record: CXX_FEATURE:1cxx_extern_templates
    Feature record: CXX_FEATURE:1cxx_final
    Feature record: CXX_FEATURE:1cxx_func_identifier
    Feature record: CXX_FEATURE:1cxx_generalized_initializers
    Feature record: CXX_FEATURE:1cxx_generic_lambdas
    Feature record: CXX_FEATURE:1cxx_inheriting_constructors
    Feature record: CXX_FEATURE:1cxx_inline_namespaces
    Feature record: CXX_FEATURE:1cxx_lambdas
    Feature record: CXX_FEATURE:1cxx_lambda_init_captures
    Feature record: CXX_FEATURE:1cxx_local_type_template_args
    Feature record: CXX_FEATURE:1cxx_long_long_type
    Feature record: CXX_FEATURE:1cxx_noexcept
    Feature record: CXX_FEATURE:1cxx_nonstatic_member_init
    Feature record: CXX_FEATURE:1cxx_nullptr
    Feature record: CXX_FEATURE:1cxx_override
    Feature record: CXX_FEATURE:1cxx_range_for
    Feature record: CXX_FEATURE:1cxx_raw_string_literals
    Feature record: CXX_FEATURE:1cxx_reference_qualified_functions
    Feature record: CXX_FEATURE:1cxx_relaxed_constexpr
    Feature record: CXX_FEATURE:1cxx_return_type_deduction
    Feature record: CXX_FEATURE:1cxx_right_angle_brackets
    Feature record: CXX_FEATURE:1cxx_rvalue_references
    Feature record: CXX_FEATURE:1cxx_sizeof_member
    Feature record: CXX_FEATURE:1cxx_static_assert
    Feature record: CXX_FEATURE:1cxx_strong_enums
    Feature record: CXX_FEATURE:1cxx_template_template_parameters
    Feature record: CXX_FEATURE:1cxx_thread_local
    Feature record: CXX_FEATURE:1cxx_trailing_return_types
    Feature record: CXX_FEATURE:1cxx_unicode_literals
    Feature record: CXX_FEATURE:1cxx_uniform_initialization
    Feature record: CXX_FEATURE:1cxx_unrestricted_unions
    Feature record: CXX_FEATURE:1cxx_user_literals
    Feature record: CXX_FEATURE:1cxx_variable_templates
    Feature record: CXX_FEATURE:1cxx_variadic_macros
    Feature record: CXX_FEATURE:1cxx_variadic_templates


Detecting CXX [-std=c++11] compiler features compiled with the following output:
Change Dir: /Users/travis/build/yanntm/cpp-sc2/build/CMakeFiles/CMakeTmp

Run Build Command:"/usr/bin/make" "cmTC_eb54e/fast"
/Applications/Xcode.app/Contents/Developer/usr/bin/make -f CMakeFiles/cmTC_eb54e.dir/build.make CMakeFiles/cmTC_eb54e.dir/build
Building CXX object CMakeFiles/cmTC_eb54e.dir/feature_tests.cxx.o
/Applications/Xcode.app/Contents/Developer/usr/bin/g++    -std=c++11 -o CMakeFiles/cmTC_eb54e.dir/feature_tests.cxx.o -c /Users/travis/build/yanntm/cpp-sc2/build/CMakeFiles/feature_tests.cxx
Linking CXX executable cmTC_eb54e
/usr/local/Cellar/cmake/3.9.5/bin/cmake -E cmake_link_script CMakeFiles/cmTC_eb54e.dir/link.txt --verbose=1
/Applications/Xcode.app/Contents/Developer/usr/bin/g++    -Wl,-search_paths_first -Wl,-headerpad_max_install_names   CMakeFiles/cmTC_eb54e.dir/feature_tests.cxx.o  -o cmTC_eb54e 


    Feature record: CXX_FEATURE:0cxx_aggregate_default_initializers
    Feature record: CXX_FEATURE:1cxx_alias_templates
    Feature record: CXX_FEATURE:1cxx_alignas
    Feature record: CXX_FEATURE:1cxx_alignof
    Feature record: CXX_FEATURE:1cxx_attributes
    Feature record: CXX_FEATURE:0cxx_attribute_deprecated
    Feature record: CXX_FEATURE:1cxx_auto_type
    Feature record: CXX_FEATURE:0cxx_binary_literals
    Feature record: CXX_FEATURE:1cxx_constexpr
    Feature record: CXX_FEATURE:0cxx_contextual_conversions
    Feature record: CXX_FEATURE:1cxx_decltype
    Feature record: CXX_FEATURE:0cxx_decltype_auto
    Feature record: CXX_FEATURE:1cxx_decltype_incomplete_return_types
    Feature record: CXX_FEATURE:1cxx_default_function_template_args
    Feature record: CXX_FEATURE:1cxx_defaulted_functions
    Feature record: CXX_FEATURE:1cxx_defaulted_move_initializers
    Feature record: CXX_FEATURE:1cxx_delegating_constructors
    Feature record: CXX_FEATURE:1cxx_deleted_functions
    Feature record: CXX_FEATURE:0cxx_digit_separators
    Feature record: CXX_FEATURE:1cxx_enum_forward_declarations
    Feature record: CXX_FEATURE:1cxx_explicit_conversions
    Feature record: CXX_FEATURE:1cxx_extended_friend_declarations
    Feature record: CXX_FEATURE:1cxx_extern_templates
    Feature record: CXX_FEATURE:1cxx_final
    Feature record: CXX_FEATURE:1cxx_func_identifier
    Feature record: CXX_FEATURE:1cxx_generalized_initializers
    Feature record: CXX_FEATURE:0cxx_generic_lambdas
    Feature record: CXX_FEATURE:1cxx_inheriting_constructors
    Feature record: CXX_FEATURE:1cxx_inline_namespaces
    Feature record: CXX_FEATURE:1cxx_lambdas
    Feature record: CXX_FEATURE:0cxx_lambda_init_captures
    Feature record: CXX_FEATURE:1cxx_local_type_template_args
    Feature record: CXX_FEATURE:1cxx_long_long_type
    Feature record: CXX_FEATURE:1cxx_noexcept
    Feature record: CXX_FEATURE:1cxx_nonstatic_member_init
    Feature record: CXX_FEATURE:1cxx_nullptr
    Feature record: CXX_FEATURE:1cxx_override
    Feature record: CXX_FEATURE:1cxx_range_for
    Feature record: CXX_FEATURE:1cxx_raw_string_literals
    Feature record: CXX_FEATURE:1cxx_reference_qualified_functions
    Feature record: CXX_FEATURE:0cxx_relaxed_constexpr
    Feature record: CXX_FEATURE:0cxx_return_type_deduction
    Feature record: CXX_FEATURE:1cxx_right_angle_brackets
    Feature record: CXX_FEATURE:1cxx_rvalue_references
    Feature record: CXX_FEATURE:1cxx_sizeof_member
    Feature record: CXX_FEATURE:1cxx_static_assert
    Feature record: CXX_FEATURE:1cxx_strong_enums
    Feature record: CXX_FEATURE:1cxx_template_template_parameters
    Feature record: CXX_FEATURE:1cxx_thread_local
    Feature record: CXX_FEATURE:1cxx_trailing_return_types
    Feature record: CXX_FEATURE:1cxx_unicode_literals
    Feature record: CXX_FEATURE:1cxx_uniform_initialization
    Feature record: CXX_FEATURE:1cxx_unrestricted_unions
    Feature record: CXX_FEATURE:1cxx_user_literals
    Feature record: CXX_FEATURE:0cxx_variable_templates
    Feature record: CXX_FEATURE:1cxx_variadic_macros
    Feature record: CXX_FEATURE:1cxx_variadic_templates


Detecting CXX [-std=c++98] compiler features compiled with the following output:
Change Dir: /Users/travis/build/yanntm/cpp-sc2/build/CMakeFiles/CMakeTmp

Run Build Command:"/usr/bin/make" "cmTC_e63fe/fast"
/Applications/Xcode.app/Contents/Developer/usr/bin/make -f CMakeFiles/cmTC_e63fe.dir/build.make CMakeFiles/cmTC_e63fe.dir/build
Building CXX object CMakeFiles/cmTC_e63fe.dir/feature_tests.cxx.o
/Applications/Xcode.app/Contents/Developer/usr/bin/g++    -std=c++98 -o CMakeFiles/cmTC_e63fe.dir/feature_tests.cxx.o -c /Users/travis/build/yanntm/cpp-sc2/build/CMakeFiles/feature_tests.cxx
Linking CXX executable cmTC_e63fe
/usr/local/Cellar/cmake/3.9.5/bin/cmake -E cmake_link_script CMakeFiles/cmTC_e63fe.dir/link.txt --verbose=1
/Applications/Xcode.app/Contents/Developer/usr/bin/g++    -Wl,-search_paths_first -Wl,-headerpad_max_install_names   CMakeFiles/cmTC_e63fe.dir/feature_tests.cxx.o  -o cmTC_e63fe 


    Feature record: CXX_FEATURE:0cxx_aggregate_default_initializers
    Feature record: CXX_FEATURE:0cxx_alias_templates
    Feature record: CXX_FEATURE:0cxx_alignas
    Feature record: CXX_FEATURE:0cxx_alignof
    Feature record: CXX_FEATURE:0cxx_attributes
    Feature record: CXX_FEATURE:0cxx_attribute_deprecated
    Feature record: CXX_FEATURE:0cxx_auto_type
    Feature record: CXX_FEATURE:0cxx_binary_literals
    Feature record: CXX_FEATURE:0cxx_constexpr
    Feature record: CXX_FEATURE:0cxx_contextual_conversions
    Feature record: CXX_FEATURE:0cxx_decltype
    Feature record: CXX_FEATURE:0cxx_decltype_auto
    Feature record: CXX_FEATURE:0cxx_decltype_incomplete_return_types
    Feature record: CXX_FEATURE:0cxx_default_function_template_args
    Feature record: CXX_FEATURE:0cxx_defaulted_functions
    Feature record: CXX_FEATURE:0cxx_defaulted_move_initializers
    Feature record: CXX_FEATURE:0cxx_delegating_constructors
    Feature record: CXX_FEATURE:0cxx_deleted_functions
    Feature record: CXX_FEATURE:0cxx_digit_separators
    Feature record: CXX_FEATURE:0cxx_enum_forward_declarations
    Feature record: CXX_FEATURE:0cxx_explicit_conversions
    Feature record: CXX_FEATURE:0cxx_extended_friend_declarations
    Feature record: CXX_FEATURE:0cxx_extern_templates
    Feature record: CXX_FEATURE:0cxx_final
    Feature record: CXX_FEATURE:0cxx_func_identifier
    Feature record: CXX_FEATURE:0cxx_generalized_initializers
    Feature record: CXX_FEATURE:0cxx_generic_lambdas
    Feature record: CXX_FEATURE:0cxx_inheriting_constructors
    Feature record: CXX_FEATURE:0cxx_inline_namespaces
    Feature record: CXX_FEATURE:0cxx_lambdas
    Feature record: CXX_FEATURE:0cxx_lambda_init_captures
    Feature record: CXX_FEATURE:0cxx_local_type_template_args
    Feature record: CXX_FEATURE:0cxx_long_long_type
    Feature record: CXX_FEATURE:0cxx_noexcept
    Feature record: CXX_FEATURE:0cxx_nonstatic_member_init
    Feature record: CXX_FEATURE:0cxx_nullptr
    Feature record: CXX_FEATURE:0cxx_override
    Feature record: CXX_FEATURE:0cxx_range_for
    Feature record: CXX_FEATURE:0cxx_raw_string_literals
    Feature record: CXX_FEATURE:0cxx_reference_qualified_functions
    Feature record: CXX_FEATURE:0cxx_relaxed_constexpr
    Feature record: CXX_FEATURE:0cxx_return_type_deduction
    Feature record: CXX_FEATURE:0cxx_right_angle_brackets
    Feature record: CXX_FEATURE:0cxx_rvalue_references
    Feature record: CXX_FEATURE:0cxx_sizeof_member
    Feature record: CXX_FEATURE:0cxx_static_assert
    Feature record: CXX_FEATURE:0cxx_strong_enums
    Feature record: CXX_FEATURE:1cxx_template_template_parameters
    Feature record: CXX_FEATURE:0cxx_thread_local
    Feature record: CXX_FEATURE:0cxx_trailing_return_types
    Feature record: CXX_FEATURE:0cxx_unicode_literals
    Feature record: CXX_FEATURE:0cxx_uniform_initialization
    Feature record: CXX_FEATURE:0cxx_unrestricted_unions
    Feature record: CXX_FEATURE:0cxx_user_literals
    Feature record: CXX_FEATURE:0cxx_variable_templates
    Feature record: CXX_FEATURE:0cxx_variadic_macros
    Feature record: CXX_FEATURE:0cxx_variadic_templates
Performing C SOURCE FILE Test HAVE_C_FLAG_STD_C11 succeeded with the following output:
Change Dir: /Users/travis/build/yanntm/cpp-sc2/build/CMakeFiles/CMakeTmp

Run Build Command:"/usr/bin/make" "cmTC_6ca27/fast"
/Applications/Xcode.app/Contents/Developer/usr/bin/make -f CMakeFiles/cmTC_6ca27.dir/build.make CMakeFiles/cmTC_6ca27.dir/build
Building C object CMakeFiles/cmTC_6ca27.dir/src.c.o
/Applications/Xcode.app/Contents/Developer/usr/bin/gcc   -DHAVE_C_FLAG_STD_C11 -std=c11   -o CMakeFiles/cmTC_6ca27.dir/src.c.o   -c /Users/travis/build/yanntm/cpp-sc2/build/CMakeFiles/CMakeTmp/src.c
Linking C executable cmTC_6ca27
/usr/local/Cellar/cmake/3.9.5/bin/cmake -E cmake_link_script CMakeFiles/cmTC_6ca27.dir/link.txt --verbose=1
/Applications/Xcode.app/Contents/Developer/usr/bin/gcc  -DHAVE_C_FLAG_STD_C11 -std=c11 -Wl,-search_paths_first -Wl,-headerpad_max_install_names   CMakeFiles/cmTC_6ca27.dir/src.c.o  -o cmTC_6ca27 

Source file was:
int main(void) { return 0; }
Performing C SOURCE FILE Test HAVE_C_FLAG_WALL succeeded with the following output:
Change Dir: /Users/travis/build/yanntm/cpp-sc2/build/CMakeFiles/CMakeTmp

Run Build Command:"/usr/bin/make" "cmTC_b9e3b/fast"
/Applications/Xcode.app/Contents/Developer/usr/bin/make -f CMakeFiles/cmTC_b9e3b.dir/build.make CMakeFiles/cmTC_b9e3b.dir/build
Building C object CMakeFiles/cmTC_b9e3b.dir/src.c.o
/Applications/Xcode.app/Contents/Developer/usr/bin/gcc   -std=c11 -DHAVE_C_FLAG_WALL -Wall   -o CMakeFiles/cmTC_b9e3b.dir/src.c.o   -c /Users/travis/build/yanntm/cpp-sc2/build/CMakeFiles/CMakeTmp/src.c
Linking C executable cmTC_b9e3b
/usr/local/Cellar/cmake/3.9.5/bin/cmake -E cmake_link_script CMakeFiles/cmTC_b9e3b.dir/link.txt --verbose=1
/Applications/Xcode.app/Contents/Developer/usr/bin/gcc  -std=c11 -DHAVE_C_FLAG_WALL -Wall -Wl,-search_paths_first -Wl,-headerpad_max_install_names   CMakeFiles/cmTC_b9e3b.dir/src.c.o  -o cmTC_b9e3b 

Source file was:
int main(void) { return 0; }
Performing C SOURCE FILE Test HAVE_C_FLAG_WEXTRA succeeded with the following output:
Change Dir: /Users/travis/build/yanntm/cpp-sc2/build/CMakeFiles/CMakeTmp

Run Build Command:"/usr/bin/make" "cmTC_d06b4/fast"
/Applications/Xcode.app/Contents/Developer/usr/bin/make -f CMakeFiles/cmTC_d06b4.dir/build.make CMakeFiles/cmTC_d06b4.dir/build
Building C object CMakeFiles/cmTC_d06b4.dir/src.c.o
/Applications/Xcode.app/Contents/Developer/usr/bin/gcc   -std=c11 -Wall -DHAVE_C_FLAG_WEXTRA -Wextra   -o CMakeFiles/cmTC_d06b4.dir/src.c.o   -c /Users/travis/build/yanntm/cpp-sc2/build/CMakeFiles/CMakeTmp/src.c
Linking C executable cmTC_d06b4
/usr/local/Cellar/cmake/3.9.5/bin/cmake -E cmake_link_script CMakeFiles/cmTC_d06b4.dir/link.txt --verbose=1
/Applications/Xcode.app/Contents/Developer/usr/bin/gcc  -std=c11 -Wall -DHAVE_C_FLAG_WEXTRA -Wextra -Wl,-search_paths_first -Wl,-headerpad_max_install_names   CMakeFiles/cmTC_d06b4.dir/src.c.o  -o cmTC_d06b4 

Source file was:
int main(void) { return 0; }
Performing C SOURCE FILE Test HAVE_C_FLAG_WSHADOW succeeded with the following output:
Change Dir: /Users/travis/build/yanntm/cpp-sc2/build/CMakeFiles/CMakeTmp

Run Build Command:"/usr/bin/make" "cmTC_3f0f5/fast"
/Applications/Xcode.app/Contents/Developer/usr/bin/make -f CMakeFiles/cmTC_3f0f5.dir/build.make CMakeFiles/cmTC_3f0f5.dir/build
Building C object CMakeFiles/cmTC_3f0f5.dir/src.c.o
/Applications/Xcode.app/Contents/Developer/usr/bin/gcc   -std=c11 -Wall -Wextra -DHAVE_C_FLAG_WSHADOW -Wshadow   -o CMakeFiles/cmTC_3f0f5.dir/src.c.o   -c /Users/travis/build/yanntm/cpp-sc2/build/CMakeFiles/CMakeTmp/src.c
Linking C executable cmTC_3f0f5
/usr/local/Cellar/cmake/3.9.5/bin/cmake -E cmake_link_script CMakeFiles/cmTC_3f0f5.dir/link.txt --verbose=1
/Applications/Xcode.app/Contents/Developer/usr/bin/gcc  -std=c11 -Wall -Wextra -DHAVE_C_FLAG_WSHADOW -Wshadow -Wl,-search_paths_first -Wl,-headerpad_max_install_names   CMakeFiles/cmTC_3f0f5.dir/src.c.o  -o cmTC_3f0f5 

Source file was:
int main(void) { return 0; }
Performing C SOURCE FILE Test HAVE_C_FLAG_WCONVERSION succeeded with the following output:
Change Dir: /Users/travis/build/yanntm/cpp-sc2/build/CMakeFiles/CMakeTmp

Run Build Command:"/usr/bin/make" "cmTC_372e5/fast"
/Applications/Xcode.app/Contents/Developer/usr/bin/make -f CMakeFiles/cmTC_372e5.dir/build.make CMakeFiles/cmTC_372e5.dir/build
Building C object CMakeFiles/cmTC_372e5.dir/src.c.o
/Applications/Xcode.app/Contents/Developer/usr/bin/gcc   -std=c11 -Wall -Wextra -Wshadow -DHAVE_C_FLAG_WCONVERSION -Wconversion   -o CMakeFiles/cmTC_372e5.dir/src.c.o   -c /Users/travis/build/yanntm/cpp-sc2/build/CMakeFiles/CMakeTmp/src.c
Linking C executable cmTC_372e5
/usr/local/Cellar/cmake/3.9.5/bin/cmake -E cmake_link_script CMakeFiles/cmTC_372e5.dir/link.txt --verbose=1
/Applications/Xcode.app/Contents/Developer/usr/bin/gcc  -std=c11 -Wall -Wextra -Wshadow -DHAVE_C_FLAG_WCONVERSION -Wconversion -Wl,-search_paths_first -Wl,-headerpad_max_install_names   CMakeFiles/cmTC_372e5.dir/src.c.o  -o cmTC_372e5 

Source file was:
int main(void) { return 0; }
Performing C SOURCE FILE Test HAVE_C_FLAG_WMISSING_PROTOTYPES succeeded with the following output:
Change Dir: /Users/travis/build/yanntm/cpp-sc2/build/CMakeFiles/CMakeTmp

Run Build Command:"/usr/bin/make" "cmTC_3ef6e/fast"
/Applications/Xcode.app/Contents/Developer/usr/bin/make -f CMakeFiles/cmTC_3ef6e.dir/build.make CMakeFiles/cmTC_3ef6e.dir/build
Building C object CMakeFiles/cmTC_3ef6e.dir/src.c.o
/Applications/Xcode.app/Contents/Developer/usr/bin/gcc   -std=c11 -Wall -Wextra -Wshadow -Wconversion -DHAVE_C_FLAG_WMISSING_PROTOTYPES -Wmissing-prototypes   -o CMakeFiles/cmTC_3ef6e.dir/src.c.o   -c /Users/travis/build/yanntm/cpp-sc2/build/CMakeFiles/CMakeTmp/src.c
Linking C executable cmTC_3ef6e
/usr/local/Cellar/cmake/3.9.5/bin/cmake -E cmake_link_script CMakeFiles/cmTC_3ef6e.dir/link.txt --verbose=1
/Applications/Xcode.app/Contents/Developer/usr/bin/gcc  -std=c11 -Wall -Wextra -Wshadow -Wconversion -DHAVE_C_FLAG_WMISSING_PROTOTYPES -Wmissing-prototypes -Wl,-search_paths_first -Wl,-headerpad_max_install_names   CMakeFiles/cmTC_3ef6e.dir/src.c.o  -o cmTC_3ef6e 

Source file was:
int main(void) { return 0; }
Performing C SOURCE FILE Test HAVE_C_FLAG_WEVERYTHING succeeded with the following output:
Change Dir: /Users/travis/build/yanntm/cpp-sc2/build/CMakeFiles/CMakeTmp

Run Build Command:"/usr/bin/make" "cmTC_0a295/fast"
/Applications/Xcode.app/Contents/Developer/usr/bin/make -f CMakeFiles/cmTC_0a295.dir/build.make CMakeFiles/cmTC_0a295.dir/build
Building C object CMakeFiles/cmTC_0a295.dir/src.c.o
/Applications/Xcode.app/Contents/Developer/usr/bin/gcc   -std=c11 -Wall -Wextra -Wshadow -Wconversion -Wmissing-prototypes -DHAVE_C_FLAG_WEVERYTHING -Weverything   -o CMakeFiles/cmTC_0a295.dir/src.c.o   -c /Users/travis/build/yanntm/cpp-sc2/build/CMakeFiles/CMakeTmp/src.c
Linking C executable cmTC_0a295
/usr/local/Cellar/cmake/3.9.5/bin/cmake -E cmake_link_script CMakeFiles/cmTC_0a295.dir/link.txt --verbose=1
/Applications/Xcode.app/Contents/Developer/usr/bin/gcc  -std=c11 -Wall -Wextra -Wshadow -Wconversion -Wmissing-prototypes -DHAVE_C_FLAG_WEVERYTHING -Weverything -Wl,-search_paths_first -Wl,-headerpad_max_install_names   CMakeFiles/cmTC_0a295.dir/src.c.o  -o cmTC_0a295 

Source file was:
int main(void) { return 0; }
Performing C SOURCE FILE Test HAVE_C_FLAG_WPARENTHESES succeeded with the following output:
Change Dir: /Users/travis/build/yanntm/cpp-sc2/build/CMakeFiles/CMakeTmp

Run Build Command:"/usr/bin/make" "cmTC_9347e/fast"
/Applications/Xcode.app/Contents/Developer/usr/bin/make -f CMakeFiles/cmTC_9347e.dir/build.make CMakeFiles/cmTC_9347e.dir/build
Building C object CMakeFiles/cmTC_9347e.dir/src.c.o
/Applications/Xcode.app/Contents/Developer/usr/bin/gcc   -std=c11 -Wall -Wextra -Wshadow -Wconversion -Wmissing-prototypes -Weverything -DHAVE_C_FLAG_WPARENTHESES -Wparentheses   -o CMakeFiles/cmTC_9347e.dir/src.c.o   -c /Users/travis/build/yanntm/cpp-sc2/build/CMakeFiles/CMakeTmp/src.c
Linking C executable cmTC_9347e
/usr/local/Cellar/cmake/3.9.5/bin/cmake -E cmake_link_script CMakeFiles/cmTC_9347e.dir/link.txt --verbose=1
/Applications/Xcode.app/Contents/Developer/usr/bin/gcc  -std=c11 -Wall -Wextra -Wshadow -Wconversion -Wmissing-prototypes -Weverything -DHAVE_C_FLAG_WPARENTHESES -Wparentheses -Wl,-search_paths_first -Wl,-headerpad_max_install_names   CMakeFiles/cmTC_9347e.dir/src.c.o  -o cmTC_9347e 

Source file was:
int main(void) { return 0; }
Performing C SOURCE FILE Test HAVE_C_FLAG_WNO_PADDED succeeded with the following output:
Change Dir: /Users/travis/build/yanntm/cpp-sc2/build/CMakeFiles/CMakeTmp

Run Build Command:"/usr/bin/make" "cmTC_213cf/fast"
/Applications/Xcode.app/Contents/Developer/usr/bin/make -f CMakeFiles/cmTC_213cf.dir/build.make CMakeFiles/cmTC_213cf.dir/build
Building C object CMakeFiles/cmTC_213cf.dir/src.c.o
/Applications/Xcode.app/Contents/Developer/usr/bin/gcc   -std=c11 -Wall -Wextra -Wshadow -Wconversion -Wmissing-prototypes -Weverything -Wparentheses -DHAVE_C_FLAG_WNO_PADDED -Wno-padded   -o CMakeFiles/cmTC_213cf.dir/src.c.o   -c /Users/travis/build/yanntm/cpp-sc2/build/CMakeFiles/CMakeTmp/src.c
Linking C executable cmTC_213cf
/usr/local/Cellar/cmake/3.9.5/bin/cmake -E cmake_link_script CMakeFiles/cmTC_213cf.dir/link.txt --verbose=1
/Applications/Xcode.app/Contents/Developer/usr/bin/gcc  -std=c11 -Wall -Wextra -Wshadow -Wconversion -Wmissing-prototypes -Weverything -Wparentheses -DHAVE_C_FLAG_WNO_PADDED -Wno-padded -Wl,-search_paths_first -Wl,-headerpad_max_install_names   CMakeFiles/cmTC_213cf.dir/src.c.o  -o cmTC_213cf 

Source file was:
int main(void) { return 0; }
Performing C SOURCE FILE Test HAVE_C_FLAG_WNO_UNUSED_MACROS succeeded with the following output:
Change Dir: /Users/travis/build/yanntm/cpp-sc2/build/CMakeFiles/CMakeTmp

Run Build Command:"/usr/bin/make" "cmTC_cea0e/fast"
/Applications/Xcode.app/Contents/Developer/usr/bin/make -f CMakeFiles/cmTC_cea0e.dir/build.make CMakeFiles/cmTC_cea0e.dir/build
Building C object CMakeFiles/cmTC_cea0e.dir/src.c.o
/Applications/Xcode.app/Contents/Developer/usr/bin/gcc   -std=c11 -Wall -Wextra -Wshadow -Wconversion -Wmissing-prototypes -Weverything -Wparentheses -Wno-padded -DHAVE_C_FLAG_WNO_UNUSED_MACROS -Wno-unused-macros   -o CMakeFiles/cmTC_cea0e.dir/src.c.o   -c /Users/travis/build/yanntm/cpp-sc2/build/CMakeFiles/CMakeTmp/src.c
Linking C executable cmTC_cea0e
/usr/local/Cellar/cmake/3.9.5/bin/cmake -E cmake_link_script CMakeFiles/cmTC_cea0e.dir/link.txt --verbose=1
/Applications/Xcode.app/Contents/Developer/usr/bin/gcc  -std=c11 -Wall -Wextra -Wshadow -Wconversion -Wmissing-prototypes -Weverything -Wparentheses -Wno-padded -DHAVE_C_FLAG_WNO_UNUSED_MACROS -Wno-unused-macros -Wl,-search_paths_first -Wl,-headerpad_max_install_names   CMakeFiles/cmTC_cea0e.dir/src.c.o  -o cmTC_cea0e 

Source file was:
int main(void) { return 0; }
Performing C SOURCE FILE Test HAVE_C_FLAG_WNO_FORMAT_NONLITERAL succeeded with the following output:
Change Dir: /Users/travis/build/yanntm/cpp-sc2/build/CMakeFiles/CMakeTmp

Run Build Command:"/usr/bin/make" "cmTC_69198/fast"
/Applications/Xcode.app/Contents/Developer/usr/bin/make -f CMakeFiles/cmTC_69198.dir/build.make CMakeFiles/cmTC_69198.dir/build
Building C object CMakeFiles/cmTC_69198.dir/src.c.o
/Applications/Xcode.app/Contents/Developer/usr/bin/gcc   -std=c11 -Wall -Wextra -Wshadow -Wconversion -Wmissing-prototypes -Weverything -Wparentheses -Wno-padded -Wno-unused-macros -DHAVE_C_FLAG_WNO_FORMAT_NONLITERAL -Wno-format-nonliteral   -o CMakeFiles/cmTC_69198.dir/src.c.o   -c /Users/travis/build/yanntm/cpp-sc2/build/CMakeFiles/CMakeTmp/src.c
Linking C executable cmTC_69198
/usr/local/Cellar/cmake/3.9.5/bin/cmake -E cmake_link_script CMakeFiles/cmTC_69198.dir/link.txt --verbose=1
/Applications/Xcode.app/Contents/Developer/usr/bin/gcc  -std=c11 -Wall -Wextra -Wshadow -Wconversion -Wmissing-prototypes -Weverything -Wparentheses -Wno-padded -Wno-unused-macros -DHAVE_C_FLAG_WNO_FORMAT_NONLITERAL -Wno-format-nonliteral -Wl,-search_paths_first -Wl,-headerpad_max_install_names   CMakeFiles/cmTC_69198.dir/src.c.o  -o cmTC_69198 

Source file was:
int main(void) { return 0; }
Performing C SOURCE FILE Test HAVE_C_FLAG_WNO_DATE_TIME succeeded with the following output:
Change Dir: /Users/travis/build/yanntm/cpp-sc2/build/CMakeFiles/CMakeTmp

Run Build Command:"/usr/bin/make" "cmTC_74bc7/fast"
/Applications/Xcode.app/Contents/Developer/usr/bin/make -f CMakeFiles/cmTC_74bc7.dir/build.make CMakeFiles/cmTC_74bc7.dir/build
Building C object CMakeFiles/cmTC_74bc7.dir/src.c.o
/Applications/Xcode.app/Contents/Developer/usr/bin/gcc   -std=c11 -Wall -Wextra -Wshadow -Wconversion -Wmissing-prototypes -Weverything -Wparentheses -Wno-padded -Wno-unused-macros -Wno-format-nonliteral -DHAVE_C_FLAG_WNO_DATE_TIME -Wno-date-time   -o CMakeFiles/cmTC_74bc7.dir/src.c.o   -c /Users/travis/build/yanntm/cpp-sc2/build/CMakeFiles/CMakeTmp/src.c
Linking C executable cmTC_74bc7
/usr/local/Cellar/cmake/3.9.5/bin/cmake -E cmake_link_script CMakeFiles/cmTC_74bc7.dir/link.txt --verbose=1
/Applications/Xcode.app/Contents/Developer/usr/bin/gcc  -std=c11 -Wall -Wextra -Wshadow -Wconversion -Wmissing-prototypes -Weverything -Wparentheses -Wno-padded -Wno-unused-macros -Wno-format-nonliteral -DHAVE_C_FLAG_WNO_DATE_TIME -Wno-date-time -Wl,-search_paths_first -Wl,-headerpad_max_install_names   CMakeFiles/cmTC_74bc7.dir/src.c.o  -o cmTC_74bc7 

Source file was:
int main(void) { return 0; }
Performing C SOURCE FILE Test HAVE_C_FLAG_WNO_CAST_QUAL succeeded with the following output:
Change Dir: /Users/travis/build/yanntm/cpp-sc2/build/CMakeFiles/CMakeTmp

Run Build Command:"/usr/bin/make" "cmTC_64cec/fast"
/Applications/Xcode.app/Contents/Developer/usr/bin/make -f CMakeFiles/cmTC_64cec.dir/build.make CMakeFiles/cmTC_64cec.dir/build
Building C object CMakeFiles/cmTC_64cec.dir/src.c.o
/Applications/Xcode.app/Contents/Developer/usr/bin/gcc   -std=c11 -Wall -Wextra -Wshadow -Wconversion -Wmissing-prototypes -Weverything -Wparentheses -Wno-padded -Wno-unused-macros -Wno-format-nonliteral -Wno-date-time -DHAVE_C_FLAG_WNO_CAST_QUAL -Wno-cast-qual   -o CMakeFiles/cmTC_64cec.dir/src.c.o   -c /Users/travis/build/yanntm/cpp-sc2/build/CMakeFiles/CMakeTmp/src.c
Linking C executable cmTC_64cec
/usr/local/Cellar/cmake/3.9.5/bin/cmake -E cmake_link_script CMakeFiles/cmTC_64cec.dir/link.txt --verbose=1
/Applications/Xcode.app/Contents/Developer/usr/bin/gcc  -std=c11 -Wall -Wextra -Wshadow -Wconversion -Wmissing-prototypes -Weverything -Wparentheses -Wno-padded -Wno-unused-macros -Wno-format-nonliteral -Wno-date-time -DHAVE_C_FLAG_WNO_CAST_QUAL -Wno-cast-qual -Wl,-search_paths_first -Wl,-headerpad_max_install_names   CMakeFiles/cmTC_64cec.dir/src.c.o  -o cmTC_64cec 

Source file was:
int main(void) { return 0; }
Performing C SOURCE FILE Test HAVE_C_FLAG_PEDANTIC_ERRORS succeeded with the following output:
Change Dir: /Users/travis/build/yanntm/cpp-sc2/build/CMakeFiles/CMakeTmp

Run Build Command:"/usr/bin/make" "cmTC_c0813/fast"
/Applications/Xcode.app/Contents/Developer/usr/bin/make -f CMakeFiles/cmTC_c0813.dir/build.make CMakeFiles/cmTC_c0813.dir/build
Building C object CMakeFiles/cmTC_c0813.dir/src.c.o
/Applications/Xcode.app/Contents/Developer/usr/bin/gcc   -std=c11 -Wall -Wextra -Wshadow -Wconversion -Wmissing-prototypes -Weverything -Wparentheses -Wno-padded -Wno-unused-macros -Wno-format-nonliteral -Wno-date-time -Wno-cast-qual -DHAVE_C_FLAG_PEDANTIC_ERRORS -pedantic-errors   -o CMakeFiles/cmTC_c0813.dir/src.c.o   -c /Users/travis/build/yanntm/cpp-sc2/build/CMakeFiles/CMakeTmp/src.c
Linking C executable cmTC_c0813
/usr/local/Cellar/cmake/3.9.5/bin/cmake -E cmake_link_script CMakeFiles/cmTC_c0813.dir/link.txt --verbose=1
/Applications/Xcode.app/Contents/Developer/usr/bin/gcc  -std=c11 -Wall -Wextra -Wshadow -Wconversion -Wmissing-prototypes -Weverything -Wparentheses -Wno-padded -Wno-unused-macros -Wno-format-nonliteral -Wno-date-time -Wno-cast-qual -DHAVE_C_FLAG_PEDANTIC_ERRORS -pedantic-errors -Wl,-search_paths_first -Wl,-headerpad_max_install_names   CMakeFiles/cmTC_c0813.dir/src.c.o  -o cmTC_c0813 

Source file was:
int main(void) { return 0; }
Performing C SOURCE FILE Test HAVE_C_FLAG_FVISIBILITY_HIDDEN succeeded with the following output:
Change Dir: /Users/travis/build/yanntm/cpp-sc2/build/CMakeFiles/CMakeTmp

Run Build Command:"/usr/bin/make" "cmTC_734ce/fast"
/Applications/Xcode.app/Contents/Developer/usr/bin/make -f CMakeFiles/cmTC_734ce.dir/build.make CMakeFiles/cmTC_734ce.dir/build
Building C object CMakeFiles/cmTC_734ce.dir/src.c.o
/Applications/Xcode.app/Contents/Developer/usr/bin/gcc   -std=c11 -Wall -Wextra -Wshadow -Wconversion -Wmissing-prototypes -Weverything -Wparentheses -Wno-padded -Wno-unused-macros -Wno-format-nonliteral -Wno-date-time -Wno-cast-qual -pedantic-errors -DHAVE_C_FLAG_FVISIBILITY_HIDDEN -fvisibility=hidden   -o CMakeFiles/cmTC_734ce.dir/src.c.o   -c /Users/travis/build/yanntm/cpp-sc2/build/CMakeFiles/CMakeTmp/src.c
Linking C executable cmTC_734ce
/usr/local/Cellar/cmake/3.9.5/bin/cmake -E cmake_link_script CMakeFiles/cmTC_734ce.dir/link.txt --verbose=1
/Applications/Xcode.app/Contents/Developer/usr/bin/gcc  -std=c11 -Wall -Wextra -Wshadow -Wconversion -Wmissing-prototypes -Weverything -Wparentheses -Wno-padded -Wno-unused-macros -Wno-format-nonliteral -Wno-date-time -Wno-cast-qual -pedantic-errors -DHAVE_C_FLAG_FVISIBILITY_HIDDEN -fvisibility=hidden -Wl,-search_paths_first -Wl,-headerpad_max_install_names   CMakeFiles/cmTC_734ce.dir/src.c.o  -o cmTC_734ce 

Source file was:
int main(void) { return 0; }
Performing C SOURCE FILE Test HAVE_C_FLAG_FSTACK_PROTECTOR_STRONG succeeded with the following output:
Change Dir: /Users/travis/build/yanntm/cpp-sc2/build/CMakeFiles/CMakeTmp

Run Build Command:"/usr/bin/make" "cmTC_e427e/fast"
/Applications/Xcode.app/Contents/Developer/usr/bin/make -f CMakeFiles/cmTC_e427e.dir/build.make CMakeFiles/cmTC_e427e.dir/build
Building C object CMakeFiles/cmTC_e427e.dir/src.c.o
/Applications/Xcode.app/Contents/Developer/usr/bin/gcc   -std=c11 -Wall -Wextra -Wshadow -Wconversion -Wmissing-prototypes -Weverything -Wparentheses -Wno-padded -Wno-unused-macros -Wno-format-nonliteral -Wno-date-time -Wno-cast-qual -pedantic-errors -fvisibility=hidden -DHAVE_C_FLAG_FSTACK_PROTECTOR_STRONG -fstack-protector-strong   -o CMakeFiles/cmTC_e427e.dir/src.c.o   -c /Users/travis/build/yanntm/cpp-sc2/build/CMakeFiles/CMakeTmp/src.c
Linking C executable cmTC_e427e
/usr/local/Cellar/cmake/3.9.5/bin/cmake -E cmake_link_script CMakeFiles/cmTC_e427e.dir/link.txt --verbose=1
/Applications/Xcode.app/Contents/Developer/usr/bin/gcc  -std=c11 -Wall -Wextra -Wshadow -Wconversion -Wmissing-prototypes -Weverything -Wparentheses -Wno-padded -Wno-unused-macros -Wno-format-nonliteral -Wno-date-time -Wno-cast-qual -pedantic-errors -fvisibility=hidden -DHAVE_C_FLAG_FSTACK_PROTECTOR_STRONG -fstack-protector-strong -Wl,-search_paths_first -Wl,-headerpad_max_install_names   CMakeFiles/cmTC_e427e.dir/src.c.o  -o cmTC_e427e 

Source file was:
int main(void) { return 0; }
Performing C SOURCE FILE Test HAVE_C_FLAG_FLTO succeeded with the following output:
Change Dir: /Users/travis/build/yanntm/cpp-sc2/build/CMakeFiles/CMakeTmp

Run Build Command:"/usr/bin/make" "cmTC_85aff/fast"
/Applications/Xcode.app/Contents/Developer/usr/bin/make -f CMakeFiles/cmTC_85aff.dir/build.make CMakeFiles/cmTC_85aff.dir/build
Building C object CMakeFiles/cmTC_85aff.dir/src.c.o
/Applications/Xcode.app/Contents/Developer/usr/bin/gcc   -std=c11 -Wall -Wextra -Wshadow -Wconversion -Wmissing-prototypes -Weverything -Wparentheses -Wno-padded -Wno-unused-macros -Wno-format-nonliteral -Wno-date-time -Wno-cast-qual -pedantic-errors -fvisibility=hidden -DHAVE_C_FLAG_FLTO -flto   -o CMakeFiles/cmTC_85aff.dir/src.c.o   -c /Users/travis/build/yanntm/cpp-sc2/build/CMakeFiles/CMakeTmp/src.c
Linking C executable cmTC_85aff
/usr/local/Cellar/cmake/3.9.5/bin/cmake -E cmake_link_script CMakeFiles/cmTC_85aff.dir/link.txt --verbose=1
/Applications/Xcode.app/Contents/Developer/usr/bin/gcc  -std=c11 -Wall -Wextra -Wshadow -Wconversion -Wmissing-prototypes -Weverything -Wparentheses -Wno-padded -Wno-unused-macros -Wno-format-nonliteral -Wno-date-time -Wno-cast-qual -pedantic-errors -fvisibility=hidden -DHAVE_C_FLAG_FLTO -flto -Wl,-search_paths_first -Wl,-headerpad_max_install_names   CMakeFiles/cmTC_85aff.dir/src.c.o  -o cmTC_85aff 

Source file was:
int main(void) { return 0; }
Performing C SOURCE FILE Test HAVE_C_FLAG_FSTACK_PROTECTOR_ALL succeeded with the following output:
Change Dir: /Users/travis/build/yanntm/cpp-sc2/build/CMakeFiles/CMakeTmp

Run Build Command:"/usr/bin/make" "cmTC_5c4c6/fast"
/Applications/Xcode.app/Contents/Developer/usr/bin/make -f CMakeFiles/cmTC_5c4c6.dir/build.make CMakeFiles/cmTC_5c4c6.dir/build
Building C object CMakeFiles/cmTC_5c4c6.dir/src.c.o
/Applications/Xcode.app/Contents/Developer/usr/bin/gcc   -std=c11 -Wall -Wextra -Wshadow -Wconversion -Wmissing-prototypes -Weverything -Wparentheses -Wno-padded -Wno-unused-macros -Wno-format-nonliteral -Wno-date-time -Wno-cast-qual -pedantic-errors -fvisibility=hidden -DHAVE_C_FLAG_FSTACK_PROTECTOR_ALL -fstack-protector-all   -o CMakeFiles/cmTC_5c4c6.dir/src.c.o   -c /Users/travis/build/yanntm/cpp-sc2/build/CMakeFiles/CMakeTmp/src.c
Linking C executable cmTC_5c4c6
/usr/local/Cellar/cmake/3.9.5/bin/cmake -E cmake_link_script CMakeFiles/cmTC_5c4c6.dir/link.txt --verbose=1
/Applications/Xcode.app/Contents/Developer/usr/bin/gcc  -std=c11 -Wall -Wextra -Wshadow -Wconversion -Wmissing-prototypes -Weverything -Wparentheses -Wno-padded -Wno-unused-macros -Wno-format-nonliteral -Wno-date-time -Wno-cast-qual -pedantic-errors -fvisibility=hidden -DHAVE_C_FLAG_FSTACK_PROTECTOR_ALL -fstack-protector-all -Wl,-search_paths_first -Wl,-headerpad_max_install_names   CMakeFiles/cmTC_5c4c6.dir/src.c.o  -o cmTC_5c4c6 

Source file was:
int main(void) { return 0; }
Performing C SOURCE FILE Test HAVE_C_FLAG_COVERAGE succeeded with the following output:
Change Dir: /Users/travis/build/yanntm/cpp-sc2/build/CMakeFiles/CMakeTmp

Run Build Command:"/usr/bin/make" "cmTC_7b021/fast"
/Applications/Xcode.app/Contents/Developer/usr/bin/make -f CMakeFiles/cmTC_7b021.dir/build.make CMakeFiles/cmTC_7b021.dir/build
Building C object CMakeFiles/cmTC_7b021.dir/src.c.o
/Applications/Xcode.app/Contents/Developer/usr/bin/gcc   -std=c11 -Wall -Wextra -Wshadow -Wconversion -Wmissing-prototypes -Weverything -Wparentheses -Wno-padded -Wno-unused-macros -Wno-format-nonliteral -Wno-date-time -Wno-cast-qual -pedantic-errors -fvisibility=hidden -DHAVE_C_FLAG_COVERAGE --coverage   -o CMakeFiles/cmTC_7b021.dir/src.c.o   -c /Users/travis/build/yanntm/cpp-sc2/build/CMakeFiles/CMakeTmp/src.c
Linking C executable cmTC_7b021
/usr/local/Cellar/cmake/3.9.5/bin/cmake -E cmake_link_script CMakeFiles/cmTC_7b021.dir/link.txt --verbose=1
/Applications/Xcode.app/Contents/Developer/usr/bin/gcc  -std=c11 -Wall -Wextra -Wshadow -Wconversion -Wmissing-prototypes -Weverything -Wparentheses -Wno-padded -Wno-unused-macros -Wno-format-nonliteral -Wno-date-time -Wno-cast-qual -pedantic-errors -fvisibility=hidden -DHAVE_C_FLAG_COVERAGE --coverage -Wl,-search_paths_first -Wl,-headerpad_max_install_names   CMakeFiles/cmTC_7b021.dir/src.c.o  -o cmTC_7b021 

Source file was:
int main(void) { return 0; }
Determining if the include file pthread.h exists passed with the following output:
Change Dir: /Users/travis/build/yanntm/cpp-sc2/build/CMakeFiles/CMakeTmp

Run Build Command:"/usr/bin/make" "cmTC_331a2/fast"
/Applications/Xcode.app/Contents/Developer/usr/bin/make -f CMakeFiles/cmTC_331a2.dir/build.make CMakeFiles/cmTC_331a2.dir/build
Building C object CMakeFiles/cmTC_331a2.dir/CheckIncludeFile.c.o
/Applications/Xcode.app/Contents/Developer/usr/bin/gcc   -std=c11 -Wall -Wextra -Wshadow -Wconversion -Wmissing-prototypes -Weverything -Wparentheses -Wno-padded -Wno-unused-macros -Wno-format-nonliteral -Wno-date-time -Wno-cast-qual -pedantic-errors -fvisibility=hidden    -o CMakeFiles/cmTC_331a2.dir/CheckIncludeFile.c.o   -c /Users/travis/build/yanntm/cpp-sc2/build/CMakeFiles/CMakeTmp/CheckIncludeFile.c
Linking C executable cmTC_331a2
/usr/local/Cellar/cmake/3.9.5/bin/cmake -E cmake_link_script CMakeFiles/cmTC_331a2.dir/link.txt --verbose=1
/Applications/Xcode.app/Contents/Developer/usr/bin/gcc  -std=c11 -Wall -Wextra -Wshadow -Wconversion -Wmissing-prototypes -Weverything -Wparentheses -Wno-padded -Wno-unused-macros -Wno-format-nonliteral -Wno-date-time -Wno-cast-qual -pedantic-errors -fvisibility=hidden  -Wl,-search_paths_first -Wl,-headerpad_max_install_names   CMakeFiles/cmTC_331a2.dir/CheckIncludeFile.c.o  -o cmTC_331a2 


Determining if the pthread_create exist passed with the following output:
Change Dir: /Users/travis/build/yanntm/cpp-sc2/build/CMakeFiles/CMakeTmp

Run Build Command:"/usr/bin/make" "cmTC_629fb/fast"
/Applications/Xcode.app/Contents/Developer/usr/bin/make -f CMakeFiles/cmTC_629fb.dir/build.make CMakeFiles/cmTC_629fb.dir/build
Building C object CMakeFiles/cmTC_629fb.dir/CheckSymbolExists.c.o
/Applications/Xcode.app/Contents/Developer/usr/bin/gcc   -std=c11 -Wall -Wextra -Wshadow -Wconversion -Wmissing-prototypes -Weverything -Wparentheses -Wno-padded -Wno-unused-macros -Wno-format-nonliteral -Wno-date-time -Wno-cast-qual -pedantic-errors -fvisibility=hidden    -o CMakeFiles/cmTC_629fb.dir/CheckSymbolExists.c.o   -c /Users/travis/build/yanntm/cpp-sc2/build/CMakeFiles/CMakeTmp/CheckSymbolExists.c
Linking C executable cmTC_629fb
/usr/local/Cellar/cmake/3.9.5/bin/cmake -E cmake_link_script CMakeFiles/cmTC_629fb.dir/link.txt --verbose=1
/Applications/Xcode.app/Contents/Developer/usr/bin/gcc  -std=c11 -Wall -Wextra -Wshadow -Wconversion -Wmissing-prototypes -Weverything -Wparentheses -Wno-padded -Wno-unused-macros -Wno-format-nonliteral -Wno-date-time -Wno-cast-qual -pedantic-errors -fvisibility=hidden  -Wl,-search_paths_first -Wl,-headerpad_max_install_names   CMakeFiles/cmTC_629fb.dir/CheckSymbolExists.c.o  -o cmTC_629fb 

File /Users/travis/build/yanntm/cpp-sc2/build/CMakeFiles/CMakeTmp/CheckSymbolExists.c:
/* */
#include <pthread.h>

int main(int argc, char** argv)
{
  (void)argv;
#ifndef pthread_create
  return ((int*)(&pthread_create))[argc];
#else
  (void)argc;
  return 0;
#endif
}

Determining if files alloca.h exist passed with the following output:
Change Dir: /Users/travis/build/yanntm/cpp-sc2/build/CMakeFiles/CMakeTmp

Run Build Command:"/usr/bin/make" "cmTC_52bc1/fast"
/Applications/Xcode.app/Contents/Developer/usr/bin/make -f CMakeFiles/cmTC_52bc1.dir/build.make CMakeFiles/cmTC_52bc1.dir/build
Building C object CMakeFiles/cmTC_52bc1.dir/CheckIncludeFiles.c.o
/Applications/Xcode.app/Contents/Developer/usr/bin/gcc    -o CMakeFiles/cmTC_52bc1.dir/CheckIncludeFiles.c.o   -c /Users/travis/build/yanntm/cpp-sc2/build/CMakeFiles/CMakeTmp/CheckIncludeFiles.c
Linking C executable cmTC_52bc1
/usr/local/Cellar/cmake/3.9.5/bin/cmake -E cmake_link_script CMakeFiles/cmTC_52bc1.dir/link.txt --verbose=1
/Applications/Xcode.app/Contents/Developer/usr/bin/gcc   -Wl,-search_paths_first -Wl,-headerpad_max_install_names   CMakeFiles/cmTC_52bc1.dir/CheckIncludeFiles.c.o  -o cmTC_52bc1 


Determining if files string.h exist passed with the following output:
Change Dir: /Users/travis/build/yanntm/cpp-sc2/build/CMakeFiles/CMakeTmp

Run Build Command:"/usr/bin/make" "cmTC_248c4/fast"
/Applications/Xcode.app/Contents/Developer/usr/bin/make -f CMakeFiles/cmTC_248c4.dir/build.make CMakeFiles/cmTC_248c4.dir/build
Building C object CMakeFiles/cmTC_248c4.dir/CheckIncludeFiles.c.o
/Applications/Xcode.app/Contents/Developer/usr/bin/gcc    -o CMakeFiles/cmTC_248c4.dir/CheckIncludeFiles.c.o   -c /Users/travis/build/yanntm/cpp-sc2/build/CMakeFiles/CMakeTmp/CheckIncludeFiles.c
Linking C executable cmTC_248c4
/usr/local/Cellar/cmake/3.9.5/bin/cmake -E cmake_link_script CMakeFiles/cmTC_248c4.dir/link.txt --verbose=1
/Applications/Xcode.app/Contents/Developer/usr/bin/gcc   -Wl,-search_paths_first -Wl,-headerpad_max_install_names   CMakeFiles/cmTC_248c4.dir/CheckIncludeFiles.c.o  -o cmTC_248c4 


Determining if files stdio.h exist passed with the following output:
Change Dir: /Users/travis/build/yanntm/cpp-sc2/build/CMakeFiles/CMakeTmp

Run Build Command:"/usr/bin/make" "cmTC_997f3/fast"
/Applications/Xcode.app/Contents/Developer/usr/bin/make -f CMakeFiles/cmTC_997f3.dir/build.make CMakeFiles/cmTC_997f3.dir/build
Building C object CMakeFiles/cmTC_997f3.dir/CheckIncludeFiles.c.o
/Applications/Xcode.app/Contents/Developer/usr/bin/gcc    -o CMakeFiles/cmTC_997f3.dir/CheckIncludeFiles.c.o   -c /Users/travis/build/yanntm/cpp-sc2/build/CMakeFiles/CMakeTmp/CheckIncludeFiles.c
Linking C executable cmTC_997f3
/usr/local/Cellar/cmake/3.9.5/bin/cmake -E cmake_link_script CMakeFiles/cmTC_997f3.dir/link.txt --verbose=1
/Applications/Xcode.app/Contents/Developer/usr/bin/gcc   -Wl,-search_paths_first -Wl,-headerpad_max_install_names   CMakeFiles/cmTC_997f3.dir/CheckIncludeFiles.c.o  -o cmTC_997f3 


Determining if files stdarg.h exist passed with the following output:
Change Dir: /Users/travis/build/yanntm/cpp-sc2/build/CMakeFiles/CMakeTmp

Run Build Command:"/usr/bin/make" "cmTC_36ece/fast"
/Applications/Xcode.app/Contents/Developer/usr/bin/make -f CMakeFiles/cmTC_36ece.dir/build.make CMakeFiles/cmTC_36ece.dir/build
Building C object CMakeFiles/cmTC_36ece.dir/CheckIncludeFiles.c.o
/Applications/Xcode.app/Contents/Developer/usr/bin/gcc    -o CMakeFiles/cmTC_36ece.dir/CheckIncludeFiles.c.o   -c /Users/travis/build/yanntm/cpp-sc2/build/CMakeFiles/CMakeTmp/CheckIncludeFiles.c
Linking C executable cmTC_36ece
/usr/local/Cellar/cmake/3.9.5/bin/cmake -E cmake_link_script CMakeFiles/cmTC_36ece.dir/link.txt --verbose=1
/Applications/Xcode.app/Contents/Developer/usr/bin/gcc   -Wl,-search_paths_first -Wl,-headerpad_max_install_names   CMakeFiles/cmTC_36ece.dir/CheckIncludeFiles.c.o  -o cmTC_36ece 


